<?xml version="1.0" encoding="UTF-8"?>
<!-- Generated by org.testng.reporters.JUnitXMLReporter -->
<testsuite ignored="0" hostname="Muneeb-Mohammed" failures="0" tests="6" name="Test" time="0.089" errors="0" timestamp="2022-01-19T12:01:11 EST">
  <testcase classname="ConceptMaven.IntroMaven.RESTAPITest" name="deleteTwitter" time="0.007"/>
  <testcase classname="ConceptMaven.IntroMaven.RESTAPITest" name="postJira" time="0.001"/>
  <testcase classname="ConceptMaven.IntroMaven.SeleniumTest" name="BrowserAutomation" time="0.006"/>
  <testcase classname="ConceptMaven.IntroMaven.SeleniumTest" name="elementUi" time="0.001"/>
  <testcase classname="ConceptMaven.IntroMaven.AppiumTest" name="IOSApp" time="0.001"/>
  <testcase classname="ConceptMaven.IntroMaven.AppiumTest" name="NativeAppAndroid" time="0.0"/>
</testsuite> <!-- Test -->
