<?xml version="1.0" encoding="UTF-8"?>
<testng-results ignored="0" total="6" passed="6" failed="0" skipped="0">
  <reporter-output>
  </reporter-output>
  <suite started-at="2022-01-19T12:01:11 EST" name="Suite" finished-at="2022-01-19T12:01:11 EST" duration-ms="89">
    <groups>
    </groups>
    <test started-at="2022-01-19T12:01:11 EST" name="Test" finished-at="2022-01-19T12:01:11 EST" duration-ms="89">
      <class name="ConceptMaven.IntroMaven.SeleniumTest">
        <test-method signature="BrowserAutomation()[pri:0, instance:ConceptMaven.IntroMaven.SeleniumTest@2e4b8173]" started-at="2022-01-19T12:01:11 EST" name="BrowserAutomation" finished-at="2022-01-19T12:01:11 EST" duration-ms="6" status="PASS">
          <reporter-output>
          </reporter-output>
        </test-method> <!-- BrowserAutomation -->
        <test-method signature="elementUi()[pri:0, instance:ConceptMaven.IntroMaven.SeleniumTest@2e4b8173]" started-at="2022-01-19T12:01:11 EST" name="elementUi" finished-at="2022-01-19T12:01:11 EST" duration-ms="1" status="PASS">
          <reporter-output>
          </reporter-output>
        </test-method> <!-- elementUi -->
      </class> <!-- ConceptMaven.IntroMaven.SeleniumTest -->
      <class name="ConceptMaven.IntroMaven.AppiumTest">
        <test-method signature="IOSApp()[pri:0, instance:ConceptMaven.IntroMaven.AppiumTest@70e8f8e]" started-at="2022-01-19T12:01:11 EST" name="IOSApp" finished-at="2022-01-19T12:01:11 EST" duration-ms="1" status="PASS">
          <reporter-output>
          </reporter-output>
        </test-method> <!-- IOSApp -->
        <test-method signature="NativeAppAndroid()[pri:0, instance:ConceptMaven.IntroMaven.AppiumTest@70e8f8e]" started-at="2022-01-19T12:01:11 EST" name="NativeAppAndroid" finished-at="2022-01-19T12:01:11 EST" duration-ms="0" status="PASS">
          <reporter-output>
          </reporter-output>
        </test-method> <!-- NativeAppAndroid -->
      </class> <!-- ConceptMaven.IntroMaven.AppiumTest -->
      <class name="ConceptMaven.IntroMaven.RESTAPITest">
        <test-method signature="deleteTwitter()[pri:0, instance:ConceptMaven.IntroMaven.RESTAPITest@4a22f9e2]" started-at="2022-01-19T12:01:11 EST" name="deleteTwitter" finished-at="2022-01-19T12:01:11 EST" duration-ms="7" status="PASS">
          <reporter-output>
          </reporter-output>
        </test-method> <!-- deleteTwitter -->
        <test-method signature="postJira()[pri:0, instance:ConceptMaven.IntroMaven.RESTAPITest@4a22f9e2]" started-at="2022-01-19T12:01:11 EST" name="postJira" finished-at="2022-01-19T12:01:11 EST" duration-ms="1" status="PASS">
          <reporter-output>
          </reporter-output>
        </test-method> <!-- postJira -->
      </class> <!-- ConceptMaven.IntroMaven.RESTAPITest -->
    </test> <!-- Test -->
  </suite> <!-- Suite -->
</testng-results>
