<?xml version="1.0" encoding="UTF-8"?>
<testng-results ignored="0" total="6" passed="6" failed="0" skipped="0">
  <reporter-output>
  </reporter-output>
  <suite started-at="2022-01-20T16:06:47 EST" name="Suite" finished-at="2022-01-20T16:06:47 EST" duration-ms="137">
    <groups>
    </groups>
    <test started-at="2022-01-20T16:06:47 EST" name="Test" finished-at="2022-01-20T16:06:47 EST" duration-ms="137">
      <class name="ConceptMaven.IntroMaven.SeleniumTest">
        <test-method signature="BrowserAutomation()[pri:0, instance:ConceptMaven.IntroMaven.SeleniumTest@4efbca5a]" started-at="2022-01-20T16:06:47 EST" name="BrowserAutomation" finished-at="2022-01-20T16:06:47 EST" duration-ms="2" status="PASS">
          <reporter-output>
          </reporter-output>
        </test-method> <!-- BrowserAutomation -->
        <test-method signature="elementUi()[pri:0, instance:ConceptMaven.IntroMaven.SeleniumTest@4efbca5a]" started-at="2022-01-20T16:06:47 EST" name="elementUi" finished-at="2022-01-20T16:06:47 EST" duration-ms="2" status="PASS">
          <reporter-output>
          </reporter-output>
        </test-method> <!-- elementUi -->
      </class> <!-- ConceptMaven.IntroMaven.SeleniumTest -->
      <class name="ConceptMaven.IntroMaven.AppiumTest">
        <test-method signature="IOSApp()[pri:0, instance:ConceptMaven.IntroMaven.AppiumTest@1b7cc17c]" started-at="2022-01-20T16:06:47 EST" name="IOSApp" finished-at="2022-01-20T16:06:47 EST" duration-ms="2" status="PASS">
          <reporter-output>
          </reporter-output>
        </test-method> <!-- IOSApp -->
        <test-method signature="NativeAppAndroid()[pri:0, instance:ConceptMaven.IntroMaven.AppiumTest@1b7cc17c]" started-at="2022-01-20T16:06:47 EST" name="NativeAppAndroid" finished-at="2022-01-20T16:06:47 EST" duration-ms="15" status="PASS">
          <reporter-output>
          </reporter-output>
        </test-method> <!-- NativeAppAndroid -->
      </class> <!-- ConceptMaven.IntroMaven.AppiumTest -->
      <class name="ConceptMaven.IntroMaven.RESTAPITest">
        <test-method signature="deleteTwitter()[pri:0, instance:ConceptMaven.IntroMaven.RESTAPITest@7f0eb4b4]" started-at="2022-01-20T16:06:47 EST" name="deleteTwitter" finished-at="2022-01-20T16:06:47 EST" duration-ms="13" status="PASS">
          <reporter-output>
          </reporter-output>
        </test-method> <!-- deleteTwitter -->
        <test-method signature="postJira()[pri:0, instance:ConceptMaven.IntroMaven.RESTAPITest@7f0eb4b4]" started-at="2022-01-20T16:06:47 EST" name="postJira" finished-at="2022-01-20T16:06:47 EST" duration-ms="3" status="PASS">
          <reporter-output>
          </reporter-output>
        </test-method> <!-- postJira -->
      </class> <!-- ConceptMaven.IntroMaven.RESTAPITest -->
    </test> <!-- Test -->
  </suite> <!-- Suite -->
</testng-results>
